<?xml version="1.0" encoding="UTF-8"?>
<testng-results ignored="0" total="1" passed="1" failed="0" skipped="0">
  <reporter-output>
  </reporter-output>
  <suite started-at="2023-06-17T15:03:59 IST" name="Suite" finished-at="2023-06-17T15:05:33 IST" duration-ms="94201">
    <groups>
    </groups>
    <test started-at="2023-06-17T15:03:59 IST" name="Test" finished-at="2023-06-17T15:05:33 IST" duration-ms="94201">
      <class name="Registration.RegisterTest">
        <test-method is-config="true" signature="BeforeSuite()[pri:0, instance:Registration.RegisterTest@59474f18]" started-at="2023-06-17T15:03:59 IST" name="BeforeSuite" finished-at="2023-06-17T15:03:59 IST" duration-ms="13" status="PASS">
          <reporter-output>
          </reporter-output>
        </test-method> <!-- BeforeSuite -->
        <test-method is-config="true" signature="BCConfigLaunchBrowser()[pri:0, instance:Registration.RegisterTest@59474f18]" started-at="2023-06-17T15:04:00 IST" name="BCConfigLaunchBrowser" finished-at="2023-06-17T15:05:27 IST" duration-ms="87499" status="PASS">
          <reporter-output>
          </reporter-output>
        </test-method> <!-- BCConfigLaunchBrowser -->
        <test-method is-config="true" signature="BMCongigLogin()[pri:0, instance:Registration.RegisterTest@59474f18]" started-at="2023-06-17T15:05:27 IST" name="BMCongigLogin" finished-at="2023-06-17T15:05:27 IST" duration-ms="1" status="PASS">
          <reporter-output>
          </reporter-output>
        </test-method> <!-- BMCongigLogin -->
        <test-method signature="registerTest()[pri:0, instance:Registration.RegisterTest@59474f18]" started-at="2023-06-17T15:05:27 IST" name="registerTest" finished-at="2023-06-17T15:05:30 IST" duration-ms="2978" status="PASS">
          <reporter-output>
          </reporter-output>
        </test-method> <!-- registerTest -->
        <test-method is-config="true" signature="AMConfigOgout()[pri:0, instance:Registration.RegisterTest@59474f18]" started-at="2023-06-17T15:05:30 IST" name="AMConfigOgout" finished-at="2023-06-17T15:05:30 IST" duration-ms="1" status="PASS">
          <reporter-output>
          </reporter-output>
        </test-method> <!-- AMConfigOgout -->
        <test-method is-config="true" signature="ACConfigLogout()[pri:0, instance:Registration.RegisterTest@59474f18]" started-at="2023-06-17T15:05:30 IST" name="ACConfigLogout" finished-at="2023-06-17T15:05:33 IST" duration-ms="3260" status="PASS">
          <reporter-output>
          </reporter-output>
        </test-method> <!-- ACConfigLogout -->
        <test-method is-config="true" signature="AfterSuite()[pri:0, instance:Registration.RegisterTest@59474f18]" started-at="2023-06-17T15:05:34 IST" name="AfterSuite" finished-at="2023-06-17T15:05:34 IST" duration-ms="1" status="PASS">
          <reporter-output>
          </reporter-output>
        </test-method> <!-- AfterSuite -->
      </class> <!-- Registration.RegisterTest -->
    </test> <!-- Test -->
  </suite> <!-- Suite -->
</testng-results>
